{"/home/marcin/Desktop/InzynieriaOprogramowania/frontend/src/App.jsx": {"path":"/home/marcin/Desktop/InzynieriaOprogramowania/frontend/src/App.jsx","statementMap":{"0":{"start":{"line":1,"column":16},"end":{"line":1,"column":37}},"1":{"start":{"line":2,"column":23},"end":{"line":2,"column":54}},"2":{"start":{"line":3,"column":24},"end":{"line":3,"column":50}},"3":{"start":{"line":4,"column":19},"end":{"line":4,"column":50}},"4":{"start":{"line":5,"column":15},"end":{"line":8,"column":1}},"5":{"start":{"line":6,"column":2},"end":{"line":7,"column":66}},"6":{"start":{"line":7,"column":4},"end":{"line":7,"column":66}},"7":{"start":{"line":9,"column":18},"end":{"line":16,"column":1}},"8":{"start":{"line":10,"column":2},"end":{"line":14,"column":3}},"9":{"start":{"line":11,"column":4},"end":{"line":13,"column":123}},"10":{"start":{"line":12,"column":6},"end":{"line":13,"column":123}},"11":{"start":{"line":13,"column":8},"end":{"line":13,"column":123}},"12":{"start":{"line":13,"column":40},"end":{"line":13,"column":49}},"13":{"start":{"line":15,"column":2},"end":{"line":15,"column":12}},"14":{"start":{"line":17,"column":19},"end":{"line":17,"column":90}},"15":{"start":{"line":17,"column":28},"end":{"line":17,"column":90}},"16":{"start":{"line":18,"column":20},"end":{"line":18,"column":22}},"17":{"start":{"line":19,"column":0},"end":{"line":21,"column":3}},"18":{"start":{"line":20,"column":17},"end":{"line":20,"column":30}},"19":{"start":{"line":22,"column":0},"end":{"line":22,"column":45}},"20":{"start":{"line":23,"column":18},"end":{"line":23,"column":50}},"21":{"start":{"line":24,"column":19},"end":{"line":24,"column":47}},"22":{"start":{"line":26,"column":2},"end":{"line":26,"column":281}},"23":{"start":{"line":28,"column":20},"end":{"line":28,"column":23}}},"fnMap":{"0":{"name":"(anonymous_0)","decl":{"start":{"line":5,"column":15},"end":{"line":5,"column":16}},"loc":{"start":{"line":5,"column":32},"end":{"line":8,"column":1}},"line":5},"1":{"name":"(anonymous_1)","decl":{"start":{"line":9,"column":18},"end":{"line":9,"column":19}},"loc":{"start":{"line":9,"column":46},"end":{"line":16,"column":1}},"line":9},"2":{"name":"(anonymous_2)","decl":{"start":{"line":13,"column":34},"end":{"line":13,"column":35}},"loc":{"start":{"line":13,"column":40},"end":{"line":13,"column":49}},"line":13},"3":{"name":"(anonymous_3)","decl":{"start":{"line":17,"column":19},"end":{"line":17,"column":20}},"loc":{"start":{"line":17,"column":28},"end":{"line":17,"column":90}},"line":17},"4":{"name":"(anonymous_4)","decl":{"start":{"line":20,"column":11},"end":{"line":20,"column":12}},"loc":{"start":{"line":20,"column":17},"end":{"line":20,"column":30}},"line":20},"5":{"name":"App","decl":{"start":{"line":25,"column":9},"end":{"line":25,"column":12}},"loc":{"start":{"line":25,"column":15},"end":{"line":27,"column":1}},"line":25}},"branchMap":{"0":{"loc":{"start":{"line":10,"column":2},"end":{"line":14,"column":3}},"type":"if","locations":[{"start":{"line":10,"column":2},"end":{"line":14,"column":3}},{"start":{},"end":{}}],"line":10},"1":{"loc":{"start":{"line":10,"column":6},"end":{"line":10,"column":68}},"type":"binary-expr","locations":[{"start":{"line":10,"column":6},"end":{"line":10,"column":10}},{"start":{"line":10,"column":14},"end":{"line":10,"column":38}},{"start":{"line":10,"column":42},"end":{"line":10,"column":68}}],"line":10},"2":{"loc":{"start":{"line":12,"column":6},"end":{"line":13,"column":123}},"type":"if","locations":[{"start":{"line":12,"column":6},"end":{"line":13,"column":123}},{"start":{},"end":{}}],"line":12},"3":{"loc":{"start":{"line":12,"column":10},"end":{"line":12,"column":55}},"type":"binary-expr","locations":[{"start":{"line":12,"column":10},"end":{"line":12,"column":37}},{"start":{"line":12,"column":41},"end":{"line":12,"column":55}}],"line":12},"4":{"loc":{"start":{"line":13,"column":63},"end":{"line":13,"column":119}},"type":"binary-expr","locations":[{"start":{"line":13,"column":63},"end":{"line":13,"column":100}},{"start":{"line":13,"column":104},"end":{"line":13,"column":119}}],"line":13}},"s":{"0":0,"1":0,"2":0,"3":0,"4":0,"5":0,"6":0,"7":0,"8":0,"9":0,"10":0,"11":0,"12":0,"13":0,"14":0,"15":0,"16":0,"17":0,"18":0,"19":0,"20":0,"21":0,"22":0,"23":0},"f":{"0":0,"1":0,"2":0,"3":0,"4":0,"5":0},"b":{"0":[0,0],"1":[0,0,0],"2":[0,0],"3":[0,0],"4":[0,0]},"inputSourceMap":null}
,"/home/marcin/Desktop/InzynieriaOprogramowania/frontend/src/main.jsx": {"path":"/home/marcin/Desktop/InzynieriaOprogramowania/frontend/src/main.jsx","statementMap":{"0":{"start":{"line":1,"column":15},"end":{"line":1,"column":28}},"1":{"start":{"line":2,"column":16},"end":{"line":2,"column":37}},"2":{"start":{"line":3,"column":23},"end":{"line":3,"column":54}},"3":{"start":{"line":4,"column":24},"end":{"line":4,"column":50}},"4":{"start":{"line":5,"column":19},"end":{"line":5,"column":40}},"5":{"start":{"line":6,"column":19},"end":{"line":6,"column":50}},"6":{"start":{"line":7,"column":18},"end":{"line":14,"column":1}},"7":{"start":{"line":8,"column":2},"end":{"line":12,"column":3}},"8":{"start":{"line":9,"column":4},"end":{"line":11,"column":123}},"9":{"start":{"line":10,"column":6},"end":{"line":11,"column":123}},"10":{"start":{"line":11,"column":8},"end":{"line":11,"column":123}},"11":{"start":{"line":11,"column":40},"end":{"line":11,"column":49}},"12":{"start":{"line":13,"column":2},"end":{"line":13,"column":12}},"13":{"start":{"line":15,"column":14},"end":{"line":22,"column":2}},"14":{"start":{"line":15,"column":44},"end":{"line":22,"column":1}},"15":{"start":{"line":23,"column":19},"end":{"line":23,"column":44}},"16":{"start":{"line":24,"column":20},"end":{"line":24,"column":56}},"17":{"start":{"line":25,"column":17},"end":{"line":25,"column":46}},"18":{"start":{"line":26,"column":0},"end":{"line":28,"column":2}}},"fnMap":{"0":{"name":"(anonymous_0)","decl":{"start":{"line":7,"column":18},"end":{"line":7,"column":19}},"loc":{"start":{"line":7,"column":46},"end":{"line":14,"column":1}},"line":7},"1":{"name":"(anonymous_1)","decl":{"start":{"line":11,"column":34},"end":{"line":11,"column":35}},"loc":{"start":{"line":11,"column":40},"end":{"line":11,"column":49}},"line":11},"2":{"name":"(anonymous_2)","decl":{"start":{"line":15,"column":14},"end":{"line":15,"column":15}},"loc":{"start":{"line":15,"column":44},"end":{"line":22,"column":1}},"line":15}},"branchMap":{"0":{"loc":{"start":{"line":8,"column":2},"end":{"line":12,"column":3}},"type":"if","locations":[{"start":{"line":8,"column":2},"end":{"line":12,"column":3}},{"start":{},"end":{}}],"line":8},"1":{"loc":{"start":{"line":8,"column":6},"end":{"line":8,"column":68}},"type":"binary-expr","locations":[{"start":{"line":8,"column":6},"end":{"line":8,"column":10}},{"start":{"line":8,"column":14},"end":{"line":8,"column":38}},{"start":{"line":8,"column":42},"end":{"line":8,"column":68}}],"line":8},"2":{"loc":{"start":{"line":10,"column":6},"end":{"line":11,"column":123}},"type":"if","locations":[{"start":{"line":10,"column":6},"end":{"line":11,"column":123}},{"start":{},"end":{}}],"line":10},"3":{"loc":{"start":{"line":10,"column":10},"end":{"line":10,"column":55}},"type":"binary-expr","locations":[{"start":{"line":10,"column":10},"end":{"line":10,"column":37}},{"start":{"line":10,"column":41},"end":{"line":10,"column":55}}],"line":10},"4":{"loc":{"start":{"line":11,"column":63},"end":{"line":11,"column":119}},"type":"binary-expr","locations":[{"start":{"line":11,"column":63},"end":{"line":11,"column":100}},{"start":{"line":11,"column":104},"end":{"line":11,"column":119}}],"line":11},"5":{"loc":{"start":{"line":15,"column":53},"end":{"line":15,"column":99}},"type":"cond-expr","locations":[{"start":{"line":15,"column":67},"end":{"line":15,"column":94}},{"start":{"line":15,"column":97},"end":{"line":15,"column":99}}],"line":15},"6":{"loc":{"start":{"line":20,"column":2},"end":{"line":20,"column":113}},"type":"cond-expr","locations":[{"start":{"line":20,"column":42},"end":{"line":20,"column":104}},{"start":{"line":20,"column":107},"end":{"line":20,"column":113}}],"line":20},"7":{"loc":{"start":{"line":20,"column":2},"end":{"line":20,"column":39}},"type":"binary-expr","locations":[{"start":{"line":20,"column":2},"end":{"line":20,"column":12}},{"start":{"line":20,"column":16},"end":{"line":20,"column":20}},{"start":{"line":20,"column":24},"end":{"line":20,"column":39}}],"line":20}},"s":{"0":0,"1":0,"2":0,"3":0,"4":0,"5":0,"6":0,"7":0,"8":0,"9":0,"10":0,"11":0,"12":0,"13":0,"14":0,"15":0,"16":0,"17":0,"18":0},"f":{"0":0,"1":0,"2":0},"b":{"0":[0,0],"1":[0,0,0],"2":[0,0],"3":[0,0],"4":[0,0],"5":[0,0],"6":[0,0],"7":[0,0,0]},"inputSourceMap":null}
,"/home/marcin/Desktop/InzynieriaOprogramowania/frontend/src/components/home.jsx": {"path":"/home/marcin/Desktop/InzynieriaOprogramowania/frontend/src/components/home.jsx","statementMap":{"0":{"start":{"line":1,"column":15},"end":{"line":1,"column":28}},"1":{"start":{"line":2,"column":16},"end":{"line":2,"column":37}},"2":{"start":{"line":3,"column":23},"end":{"line":3,"column":54}},"3":{"start":{"line":4,"column":24},"end":{"line":4,"column":50}},"4":{"start":{"line":5,"column":19},"end":{"line":5,"column":40}},"5":{"start":{"line":6,"column":19},"end":{"line":6,"column":50}},"6":{"start":{"line":7,"column":15},"end":{"line":10,"column":1}},"7":{"start":{"line":8,"column":2},"end":{"line":9,"column":66}},"8":{"start":{"line":9,"column":4},"end":{"line":9,"column":66}},"9":{"start":{"line":11,"column":18},"end":{"line":18,"column":1}},"10":{"start":{"line":12,"column":2},"end":{"line":16,"column":3}},"11":{"start":{"line":13,"column":4},"end":{"line":15,"column":123}},"12":{"start":{"line":14,"column":6},"end":{"line":15,"column":123}},"13":{"start":{"line":15,"column":8},"end":{"line":15,"column":123}},"14":{"start":{"line":15,"column":40},"end":{"line":15,"column":49}},"15":{"start":{"line":17,"column":2},"end":{"line":17,"column":12}},"16":{"start":{"line":19,"column":14},"end":{"line":26,"column":2}},"17":{"start":{"line":19,"column":44},"end":{"line":26,"column":1}},"18":{"start":{"line":27,"column":19},"end":{"line":27,"column":90}},"19":{"start":{"line":27,"column":28},"end":{"line":27,"column":90}},"20":{"start":{"line":28,"column":20},"end":{"line":28,"column":22}},"21":{"start":{"line":29,"column":0},"end":{"line":32,"column":3}},"22":{"start":{"line":30,"column":14},"end":{"line":30,"column":18}},"23":{"start":{"line":31,"column":17},"end":{"line":31,"column":30}},"24":{"start":{"line":33,"column":0},"end":{"line":33,"column":45}},"25":{"start":{"line":34,"column":19},"end":{"line":34,"column":44}},"26":{"start":{"line":35,"column":19},"end":{"line":35,"column":44}},"27":{"start":{"line":36,"column":19},"end":{"line":36,"column":46}},"28":{"start":{"line":37,"column":13},"end":{"line":51,"column":1}},"29":{"start":{"line":38,"column":40},"end":{"line":38,"column":70}},"30":{"start":{"line":39,"column":30},"end":{"line":49,"column":3}},"31":{"start":{"line":40,"column":4},"end":{"line":48,"column":5}},"32":{"start":{"line":41,"column":6},"end":{"line":41,"column":75}},"33":{"start":{"line":42,"column":23},"end":{"line":42,"column":104}},"34":{"start":{"line":43,"column":6},"end":{"line":43,"column":28}},"35":{"start":{"line":44,"column":30},"end":{"line":44,"column":43}},"36":{"start":{"line":45,"column":6},"end":{"line":45,"column":122}},"37":{"start":{"line":47,"column":6},"end":{"line":47,"column":72}},"38":{"start":{"line":50,"column":2},"end":{"line":50,"column":506}},"39":{"start":{"line":50,"column":294},"end":{"line":50,"column":393}},"40":{"start":{"line":52,"column":20},"end":{"line":52,"column":24}}},"fnMap":{"0":{"name":"(anonymous_0)","decl":{"start":{"line":7,"column":15},"end":{"line":7,"column":16}},"loc":{"start":{"line":7,"column":32},"end":{"line":10,"column":1}},"line":7},"1":{"name":"(anonymous_1)","decl":{"start":{"line":11,"column":18},"end":{"line":11,"column":19}},"loc":{"start":{"line":11,"column":46},"end":{"line":18,"column":1}},"line":11},"2":{"name":"(anonymous_2)","decl":{"start":{"line":15,"column":34},"end":{"line":15,"column":35}},"loc":{"start":{"line":15,"column":40},"end":{"line":15,"column":49}},"line":15},"3":{"name":"(anonymous_3)","decl":{"start":{"line":19,"column":14},"end":{"line":19,"column":15}},"loc":{"start":{"line":19,"column":44},"end":{"line":26,"column":1}},"line":19},"4":{"name":"(anonymous_4)","decl":{"start":{"line":27,"column":19},"end":{"line":27,"column":20}},"loc":{"start":{"line":27,"column":28},"end":{"line":27,"column":90}},"line":27},"5":{"name":"(anonymous_5)","decl":{"start":{"line":30,"column":8},"end":{"line":30,"column":9}},"loc":{"start":{"line":30,"column":14},"end":{"line":30,"column":18}},"line":30},"6":{"name":"(anonymous_6)","decl":{"start":{"line":31,"column":11},"end":{"line":31,"column":12}},"loc":{"start":{"line":31,"column":17},"end":{"line":31,"column":30}},"line":31},"7":{"name":"(anonymous_7)","decl":{"start":{"line":37,"column":13},"end":{"line":37,"column":14}},"loc":{"start":{"line":37,"column":19},"end":{"line":51,"column":1}},"line":37},"8":{"name":"(anonymous_8)","decl":{"start":{"line":39,"column":30},"end":{"line":39,"column":31}},"loc":{"start":{"line":39,"column":49},"end":{"line":49,"column":3}},"line":39},"9":{"name":"(anonymous_9)","decl":{"start":{"line":50,"column":258},"end":{"line":50,"column":259}},"loc":{"start":{"line":50,"column":294},"end":{"line":50,"column":393}},"line":50}},"branchMap":{"0":{"loc":{"start":{"line":12,"column":2},"end":{"line":16,"column":3}},"type":"if","locations":[{"start":{"line":12,"column":2},"end":{"line":16,"column":3}},{"start":{},"end":{}}],"line":12},"1":{"loc":{"start":{"line":12,"column":6},"end":{"line":12,"column":68}},"type":"binary-expr","locations":[{"start":{"line":12,"column":6},"end":{"line":12,"column":10}},{"start":{"line":12,"column":14},"end":{"line":12,"column":38}},{"start":{"line":12,"column":42},"end":{"line":12,"column":68}}],"line":12},"2":{"loc":{"start":{"line":14,"column":6},"end":{"line":15,"column":123}},"type":"if","locations":[{"start":{"line":14,"column":6},"end":{"line":15,"column":123}},{"start":{},"end":{}}],"line":14},"3":{"loc":{"start":{"line":14,"column":10},"end":{"line":14,"column":55}},"type":"binary-expr","locations":[{"start":{"line":14,"column":10},"end":{"line":14,"column":37}},{"start":{"line":14,"column":41},"end":{"line":14,"column":55}}],"line":14},"4":{"loc":{"start":{"line":15,"column":63},"end":{"line":15,"column":119}},"type":"binary-expr","locations":[{"start":{"line":15,"column":63},"end":{"line":15,"column":100}},{"start":{"line":15,"column":104},"end":{"line":15,"column":119}}],"line":15},"5":{"loc":{"start":{"line":19,"column":53},"end":{"line":19,"column":99}},"type":"cond-expr","locations":[{"start":{"line":19,"column":67},"end":{"line":19,"column":94}},{"start":{"line":19,"column":97},"end":{"line":19,"column":99}}],"line":19},"6":{"loc":{"start":{"line":24,"column":2},"end":{"line":24,"column":113}},"type":"cond-expr","locations":[{"start":{"line":24,"column":42},"end":{"line":24,"column":104}},{"start":{"line":24,"column":107},"end":{"line":24,"column":113}}],"line":24},"7":{"loc":{"start":{"line":24,"column":2},"end":{"line":24,"column":39}},"type":"binary-expr","locations":[{"start":{"line":24,"column":2},"end":{"line":24,"column":12}},{"start":{"line":24,"column":16},"end":{"line":24,"column":20}},{"start":{"line":24,"column":24},"end":{"line":24,"column":39}}],"line":24}},"s":{"0":1,"1":1,"2":1,"3":1,"4":1,"5":1,"6":1,"7":1,"8":2,"9":1,"10":4,"11":4,"12":95,"13":94,"14":12,"15":4,"16":1,"17":3,"18":1,"19":1,"20":1,"21":1,"22":2,"23":0,"24":1,"25":1,"26":1,"27":1,"28":1,"29":5,"30":5,"31":2,"32":2,"33":2,"34":1,"35":1,"36":1,"37":1,"38":5,"39":4,"40":1},"f":{"0":1,"1":4,"2":12,"3":3,"4":1,"5":2,"6":0,"7":5,"8":2,"9":4},"b":{"0":[4,0],"1":[4,4,1],"2":[94,1],"3":[95,94],"4":[94,94],"5":[3,0],"6":[2,1],"7":[3,3,3]},"inputSourceMap":null,"_coverageSchema":"1a1c01bbd47fc00a2c39e90264f33305004495a9","hash":"aaf9b3f156f7905797b058606d4717836d6edd98"}
,"/home/marcin/Desktop/InzynieriaOprogramowania/frontend/src/components/input.jsx": {"path":"/home/marcin/Desktop/InzynieriaOprogramowania/frontend/src/components/input.jsx","statementMap":{"0":{"start":{"line":1,"column":15},"end":{"line":1,"column":28}},"1":{"start":{"line":2,"column":16},"end":{"line":2,"column":37}},"2":{"start":{"line":3,"column":23},"end":{"line":3,"column":54}},"3":{"start":{"line":4,"column":24},"end":{"line":4,"column":50}},"4":{"start":{"line":5,"column":19},"end":{"line":5,"column":40}},"5":{"start":{"line":6,"column":19},"end":{"line":6,"column":50}},"6":{"start":{"line":7,"column":15},"end":{"line":10,"column":1}},"7":{"start":{"line":8,"column":2},"end":{"line":9,"column":66}},"8":{"start":{"line":9,"column":4},"end":{"line":9,"column":66}},"9":{"start":{"line":11,"column":18},"end":{"line":18,"column":1}},"10":{"start":{"line":12,"column":2},"end":{"line":16,"column":3}},"11":{"start":{"line":13,"column":4},"end":{"line":15,"column":123}},"12":{"start":{"line":14,"column":6},"end":{"line":15,"column":123}},"13":{"start":{"line":15,"column":8},"end":{"line":15,"column":123}},"14":{"start":{"line":15,"column":40},"end":{"line":15,"column":49}},"15":{"start":{"line":17,"column":2},"end":{"line":17,"column":12}},"16":{"start":{"line":19,"column":14},"end":{"line":26,"column":2}},"17":{"start":{"line":19,"column":44},"end":{"line":26,"column":1}},"18":{"start":{"line":27,"column":19},"end":{"line":27,"column":90}},"19":{"start":{"line":27,"column":28},"end":{"line":27,"column":90}},"20":{"start":{"line":28,"column":20},"end":{"line":28,"column":22}},"21":{"start":{"line":29,"column":0},"end":{"line":31,"column":3}},"22":{"start":{"line":30,"column":17},"end":{"line":30,"column":30}},"23":{"start":{"line":32,"column":0},"end":{"line":32,"column":45}},"24":{"start":{"line":33,"column":19},"end":{"line":33,"column":44}},"25":{"start":{"line":34,"column":19},"end":{"line":34,"column":48}},"26":{"start":{"line":35,"column":18},"end":{"line":35,"column":62}},"27":{"start":{"line":36,"column":21},"end":{"line":57,"column":1}},"28":{"start":{"line":37,"column":36},"end":{"line":37,"column":66}},"29":{"start":{"line":38,"column":28},"end":{"line":40,"column":3}},"30":{"start":{"line":39,"column":4},"end":{"line":39,"column":37}},"31":{"start":{"line":41,"column":23},"end":{"line":45,"column":3}},"32":{"start":{"line":42,"column":4},"end":{"line":42,"column":27}},"33":{"start":{"line":43,"column":4},"end":{"line":43,"column":24}},"34":{"start":{"line":44,"column":4},"end":{"line":44,"column":21}},"35":{"start":{"line":46,"column":2},"end":{"line":56,"column":267}},"36":{"start":{"line":58,"column":20},"end":{"line":58,"column":32}}},"fnMap":{"0":{"name":"(anonymous_0)","decl":{"start":{"line":7,"column":15},"end":{"line":7,"column":16}},"loc":{"start":{"line":7,"column":32},"end":{"line":10,"column":1}},"line":7},"1":{"name":"(anonymous_1)","decl":{"start":{"line":11,"column":18},"end":{"line":11,"column":19}},"loc":{"start":{"line":11,"column":46},"end":{"line":18,"column":1}},"line":11},"2":{"name":"(anonymous_2)","decl":{"start":{"line":15,"column":34},"end":{"line":15,"column":35}},"loc":{"start":{"line":15,"column":40},"end":{"line":15,"column":49}},"line":15},"3":{"name":"(anonymous_3)","decl":{"start":{"line":19,"column":14},"end":{"line":19,"column":15}},"loc":{"start":{"line":19,"column":44},"end":{"line":26,"column":1}},"line":19},"4":{"name":"(anonymous_4)","decl":{"start":{"line":27,"column":19},"end":{"line":27,"column":20}},"loc":{"start":{"line":27,"column":28},"end":{"line":27,"column":90}},"line":27},"5":{"name":"(anonymous_5)","decl":{"start":{"line":30,"column":11},"end":{"line":30,"column":12}},"loc":{"start":{"line":30,"column":17},"end":{"line":30,"column":30}},"line":30},"6":{"name":"(anonymous_6)","decl":{"start":{"line":36,"column":21},"end":{"line":36,"column":22}},"loc":{"start":{"line":36,"column":39},"end":{"line":57,"column":1}},"line":36},"7":{"name":"(anonymous_7)","decl":{"start":{"line":38,"column":28},"end":{"line":38,"column":29}},"loc":{"start":{"line":38,"column":39},"end":{"line":40,"column":3}},"line":38},"8":{"name":"(anonymous_8)","decl":{"start":{"line":41,"column":23},"end":{"line":41,"column":24}},"loc":{"start":{"line":41,"column":34},"end":{"line":45,"column":3}},"line":41}},"branchMap":{"0":{"loc":{"start":{"line":12,"column":2},"end":{"line":16,"column":3}},"type":"if","locations":[{"start":{"line":12,"column":2},"end":{"line":16,"column":3}},{"start":{},"end":{}}],"line":12},"1":{"loc":{"start":{"line":12,"column":6},"end":{"line":12,"column":68}},"type":"binary-expr","locations":[{"start":{"line":12,"column":6},"end":{"line":12,"column":10}},{"start":{"line":12,"column":14},"end":{"line":12,"column":38}},{"start":{"line":12,"column":42},"end":{"line":12,"column":68}}],"line":12},"2":{"loc":{"start":{"line":14,"column":6},"end":{"line":15,"column":123}},"type":"if","locations":[{"start":{"line":14,"column":6},"end":{"line":15,"column":123}},{"start":{},"end":{}}],"line":14},"3":{"loc":{"start":{"line":14,"column":10},"end":{"line":14,"column":55}},"type":"binary-expr","locations":[{"start":{"line":14,"column":10},"end":{"line":14,"column":37}},{"start":{"line":14,"column":41},"end":{"line":14,"column":55}}],"line":14},"4":{"loc":{"start":{"line":15,"column":63},"end":{"line":15,"column":119}},"type":"binary-expr","locations":[{"start":{"line":15,"column":63},"end":{"line":15,"column":100}},{"start":{"line":15,"column":104},"end":{"line":15,"column":119}}],"line":15},"5":{"loc":{"start":{"line":19,"column":53},"end":{"line":19,"column":99}},"type":"cond-expr","locations":[{"start":{"line":19,"column":67},"end":{"line":19,"column":94}},{"start":{"line":19,"column":97},"end":{"line":19,"column":99}}],"line":19},"6":{"loc":{"start":{"line":24,"column":2},"end":{"line":24,"column":113}},"type":"cond-expr","locations":[{"start":{"line":24,"column":42},"end":{"line":24,"column":104}},{"start":{"line":24,"column":107},"end":{"line":24,"column":113}}],"line":24},"7":{"loc":{"start":{"line":24,"column":2},"end":{"line":24,"column":39}},"type":"binary-expr","locations":[{"start":{"line":24,"column":2},"end":{"line":24,"column":12}},{"start":{"line":24,"column":16},"end":{"line":24,"column":20}},{"start":{"line":24,"column":24},"end":{"line":24,"column":39}}],"line":24}},"s":{"0":1,"1":1,"2":1,"3":1,"4":1,"5":1,"6":1,"7":1,"8":1,"9":1,"10":3,"11":3,"12":38,"13":38,"14":19,"15":3,"16":1,"17":2,"18":1,"19":1,"20":1,"21":1,"22":5,"23":1,"24":1,"25":1,"26":1,"27":1,"28":7,"29":7,"30":2,"31":7,"32":2,"33":2,"34":2,"35":7,"36":1},"f":{"0":1,"1":3,"2":19,"3":2,"4":1,"5":5,"6":7,"7":2,"8":2},"b":{"0":[3,0],"1":[3,3,0],"2":[38,0],"3":[38,38],"4":[38,38],"5":[2,0],"6":[1,1],"7":[2,2,2]},"inputSourceMap":null,"_coverageSchema":"1a1c01bbd47fc00a2c39e90264f33305004495a9","hash":"4e7c1570ce56e98ef21267ed6b34f289a1e66613"}
}
