TN:
SF:src/App.jsx
FN:5,(anonymous_0)
FN:9,(anonymous_1)
FN:13,(anonymous_2)
FN:17,(anonymous_3)
FN:20,(anonymous_4)
FN:25,App
FNF:6
FNH:0
FNDA:0,(anonymous_0)
FNDA:0,(anonymous_1)
FNDA:0,(anonymous_2)
FNDA:0,(anonymous_3)
FNDA:0,(anonymous_4)
FNDA:0,App
DA:1,0
DA:2,0
DA:3,0
DA:4,0
DA:5,0
DA:6,0
DA:7,0
DA:9,0
DA:10,0
DA:11,0
DA:12,0
DA:13,0
DA:15,0
DA:17,0
DA:18,0
DA:19,0
DA:20,0
DA:22,0
DA:23,0
DA:24,0
DA:26,0
DA:28,0
LF:22
LH:0
BRDA:10,0,0,0
BRDA:10,0,1,0
BRDA:10,1,0,0
BRDA:10,1,1,0
BRDA:10,1,2,0
BRDA:12,2,0,0
BRDA:12,2,1,0
BRDA:12,3,0,0
BRDA:12,3,1,0
BRDA:13,4,0,0
BRDA:13,4,1,0
BRF:11
BRH:0
end_of_record
TN:
SF:src/main.jsx
FN:7,(anonymous_0)
FN:11,(anonymous_1)
FN:15,(anonymous_2)
FNF:3
FNH:0
FNDA:0,(anonymous_0)
FNDA:0,(anonymous_1)
FNDA:0,(anonymous_2)
DA:1,0
DA:2,0
DA:3,0
DA:4,0
DA:5,0
DA:6,0
DA:7,0
DA:8,0
DA:9,0
DA:10,0
DA:11,0
DA:13,0
DA:15,0
DA:23,0
DA:24,0
DA:25,0
DA:26,0
LF:17
LH:0
BRDA:8,0,0,0
BRDA:8,0,1,0
BRDA:8,1,0,0
BRDA:8,1,1,0
BRDA:8,1,2,0
BRDA:10,2,0,0
BRDA:10,2,1,0
BRDA:10,3,0,0
BRDA:10,3,1,0
BRDA:11,4,0,0
BRDA:11,4,1,0
BRDA:15,5,0,0
BRDA:15,5,1,0
BRDA:20,6,0,0
BRDA:20,6,1,0
BRDA:20,7,0,0
BRDA:20,7,1,0
BRDA:20,7,2,0
BRF:18
BRH:0
end_of_record
TN:
SF:src/components/home.jsx
FN:7,(anonymous_0)
FN:11,(anonymous_1)
FN:15,(anonymous_2)
FN:19,(anonymous_3)
FN:27,(anonymous_4)
FN:30,(anonymous_5)
FN:31,(anonymous_6)
FN:37,(anonymous_7)
FN:39,(anonymous_8)
FN:50,(anonymous_9)
FNF:10
FNH:9
FNDA:1,(anonymous_0)
FNDA:4,(anonymous_1)
FNDA:12,(anonymous_2)
FNDA:3,(anonymous_3)
FNDA:1,(anonymous_4)
FNDA:2,(anonymous_5)
FNDA:0,(anonymous_6)
FNDA:5,(anonymous_7)
FNDA:2,(anonymous_8)
FNDA:4,(anonymous_9)
DA:1,1
DA:2,1
DA:3,1
DA:4,1
DA:5,1
DA:6,1
DA:7,1
DA:8,1
DA:9,2
DA:11,1
DA:12,4
DA:13,4
DA:14,95
DA:15,94
DA:17,4
DA:19,3
DA:27,1
DA:28,1
DA:29,1
DA:30,2
DA:31,0
DA:33,1
DA:34,1
DA:35,1
DA:36,1
DA:37,1
DA:38,5
DA:39,5
DA:40,2
DA:41,2
DA:42,2
DA:43,1
DA:44,1
DA:45,1
DA:47,1
DA:50,5
DA:52,1
LF:37
LH:36
BRDA:12,0,0,4
BRDA:12,0,1,0
BRDA:12,1,0,4
BRDA:12,1,1,4
BRDA:12,1,2,1
BRDA:14,2,0,94
BRDA:14,2,1,1
BRDA:14,3,0,95
BRDA:14,3,1,94
BRDA:15,4,0,94
BRDA:15,4,1,94
BRDA:19,5,0,3
BRDA:19,5,1,0
BRDA:24,6,0,2
BRDA:24,6,1,1
BRDA:24,7,0,3
BRDA:24,7,1,3
BRDA:24,7,2,3
BRF:18
BRH:16
end_of_record
TN:
SF:src/components/input.jsx
FN:7,(anonymous_0)
FN:11,(anonymous_1)
FN:15,(anonymous_2)
FN:19,(anonymous_3)
FN:27,(anonymous_4)
FN:30,(anonymous_5)
FN:36,(anonymous_6)
FN:38,(anonymous_7)
FN:41,(anonymous_8)
FNF:9
FNH:9
FNDA:1,(anonymous_0)
FNDA:3,(anonymous_1)
FNDA:19,(anonymous_2)
FNDA:2,(anonymous_3)
FNDA:1,(anonymous_4)
FNDA:5,(anonymous_5)
FNDA:7,(anonymous_6)
FNDA:2,(anonymous_7)
FNDA:2,(anonymous_8)
DA:1,1
DA:2,1
DA:3,1
DA:4,1
DA:5,1
DA:6,1
DA:7,1
DA:8,1
DA:9,1
DA:11,1
DA:12,3
DA:13,3
DA:14,38
DA:15,38
DA:17,3
DA:19,2
DA:27,1
DA:28,1
DA:29,1
DA:30,5
DA:32,1
DA:33,1
DA:34,1
DA:35,1
DA:36,1
DA:37,7
DA:38,7
DA:39,2
DA:41,7
DA:42,2
DA:43,2
DA:44,2
DA:46,7
DA:58,1
LF:34
LH:34
BRDA:12,0,0,3
BRDA:12,0,1,0
BRDA:12,1,0,3
BRDA:12,1,1,3
BRDA:12,1,2,0
BRDA:14,2,0,38
BRDA:14,2,1,0
BRDA:14,3,0,38
BRDA:14,3,1,38
BRDA:15,4,0,38
BRDA:15,4,1,38
BRDA:19,5,0,2
BRDA:19,5,1,0
BRDA:24,6,0,1
BRDA:24,6,1,1
BRDA:24,7,0,2
BRDA:24,7,1,2
BRDA:24,7,2,2
BRF:18
BRH:14
end_of_record
